<?xml version="1.0" encoding="UTF-8"?>
<testng-results ignored="0" total="1" passed="1" failed="0" skipped="0">
  <reporter-output>
  </reporter-output>
  <suite started-at="2020-12-21T19:54:47 PST" name="Default suite" finished-at="2020-12-21T19:55:00 PST" duration-ms="12779">
    <groups>
    </groups>
    <test started-at="2020-12-21T19:54:47 PST" name="Default test" finished-at="2020-12-21T19:55:00 PST" duration-ms="12779">
      <class name="TestAPi">
        <test-method signature="GetWeatherDetails()[pri:0, instance:TestAPi@1356d4d4]" started-at="2020-12-21T19:54:48 PST" name="GetWeatherDetails" finished-at="2020-12-21T19:55:00 PST" duration-ms="11958" status="PASS">
          <reporter-output>
          </reporter-output>
        </test-method> <!-- GetWeatherDetails -->
      </class> <!-- TestAPi -->
    </test> <!-- Default test -->
  </suite> <!-- Default suite -->
</testng-results>
